app/build/outputs/logs/manifest-merger-debug-report.txt
-- Merging decision tree log ---
manifest
ADDED from src\main\AndroidManifest.xml:2:1-140:12
INJECTED from src\main\AndroidManifest.xml:2:1-140:12
INJECTED from src\main\AndroidManifest.xml:2:1-140:12
INJECTED from src\main\AndroidManifest.xml:2:1-140:12
MERGED from [io.reactivex:rxandroid:1.2.1] AndroidManifest.xml:15:1-21:12
INJECTED from src\main\AndroidManifest.xml:2:1-140:12
INJECTED from src\main\AndroidManifest.xml:2:1-140:12
INJECTED from src\main\AndroidManifest.xml:2:1-140:12
	package
		ADDED from src\main\AndroidManifest.xml:2:11-46
		INJECTED from src\main\AndroidManifest.xml
		INJECTED from src\main\AndroidManifest.xml
	android:versionName
		ADDED from src\main\AndroidManifest.xml:5:11-38
		INJECTED from src\main\AndroidManifest.xml
		INJECTED from src\main\AndroidManifest.xml
	xmlns:android
		ADDED from src\main\AndroidManifest.xml:3:11-69
	android:versionCode
		ADDED from src\main\AndroidManifest.xml:4:11-34
		INJECTED from src\main\AndroidManifest.xml
		INJECTED from src\main\AndroidManifest.xml
uses-sdk
ADDED from src\main\AndroidManifest.xml:7:5-9:40
INJECTED from src\main\AndroidManifest.xml:7:5-9:40
INJECTED from src\main\AndroidManifest.xml:7:5-9:40
MERGED from [io.reactivex:rxandroid:1.2.1] AndroidManifest.xml:19:5-43
MERGED from [io.reactivex:rxandroid:1.2.1] AndroidManifest.xml:19:5-43
INJECTED from src\main\AndroidManifest.xml:7:5-9:40
INJECTED from src\main\AndroidManifest.xml:7:5-9:40
	android:targetSdkVersion
		ADDED from src\main\AndroidManifest.xml:9:9-38
		INJECTED from src\main\AndroidManifest.xml
		INJECTED from src\main\AndroidManifest.xml
	android:minSdkVersion
		ADDED from src\main\AndroidManifest.xml:8:9-35
		INJECTED from src\main\AndroidManifest.xml
		INJECTED from src\main\AndroidManifest.xml
uses-permission#android.permission.INTERNET
ADDED from src\main\AndroidManifest.xml:11:5-66
	android:name
		ADDED from src\main\AndroidManifest.xml:11:22-64
uses-permission#android.permission.WRITE_EXTERNAL_STORAGE
ADDED from src\main\AndroidManifest.xml:12:5-80
	android:name
		ADDED from src\main\AndroidManifest.xml:12:22-78
uses-permission#android.permission.MOUNT_UNMOUNT_FILESYSTEMS
ADDED from src\main\AndroidManifest.xml:13:5-83
	android:name
		ADDED from src\main\AndroidManifest.xml:13:22-81
supports-screens
ADDED from src\main\AndroidManifest.xml:16:5-20:38
	android:largeScreens
		ADDED from src\main\AndroidManifest.xml:18:9-36
	android:smallScreens
		ADDED from src\main\AndroidManifest.xml:20:9-36
	android:normalScreens
		ADDED from src\main\AndroidManifest.xml:19:9-37
	android:anyDensity
		ADDED from src\main\AndroidManifest.xml:17:9-34
uses-permission#android.permission.READ_PHONE_STATE
ADDED from src\main\AndroidManifest.xml:22:5-74
	android:name
		ADDED from src\main\AndroidManifest.xml:22:22-72
uses-permission#android.permission.READ_EXTERNAL_STORAGE
ADDED from src\main\AndroidManifest.xml:23:5-79
	android:name
		ADDED from src\main\AndroidManifest.xml:23:22-77
application
ADDED from src\main\AndroidManifest.xml:25:5-138:19
	android:label
		ADDED from src\main\AndroidManifest.xml:30:9-41
	android:hardwareAccelerated
		ADDED from src\main\AndroidManifest.xml:28:9-43
	android:icon
		ADDED from src\main\AndroidManifest.xml:29:9-40
	android:allowBackup
		ADDED from src\main\AndroidManifest.xml:27:9-35
	android:theme
		ADDED from src\main\AndroidManifest.xml:31:9-40
	android:name
		ADDED from src\main\AndroidManifest.xml:26:9-39
activity#com.frameclient.activitys.LoginActivity
ADDED from src\main\AndroidManifest.xml:32:9-35:73
	android:screenOrientation
		ADDED from src\main\AndroidManifest.xml:34:13-50
	android:theme
		ADDED from src\main\AndroidManifest.xml:35:13-71
	android:name
		ADDED from src\main\AndroidManifest.xml:33:13-42
activity#com.frameclient.activitys.SourceActivity
ADDED from src\main\AndroidManifest.xml:36:9-47:20
	android:screenOrientation
		ADDED from src\main\AndroidManifest.xml:39:13-49
	android:launchMode
		ADDED from src\main\AndroidManifest.xml:38:13-44
	android:theme
		ADDED from src\main\AndroidManifest.xml:40:13-71
	android:name
		ADDED from src\main\AndroidManifest.xml:37:13-43
activity#com.frameclient.activitys.MenuActivity
ADDED from src\main\AndroidManifest.xml:48:9-51:73
	android:screenOrientation
		ADDED from src\main\AndroidManifest.xml:50:13-49
	android:theme
		ADDED from src\main\AndroidManifest.xml:51:13-71
	android:name
		ADDED from src\main\AndroidManifest.xml:49:13-41
activity#com.frameclient.activitys.VideoActivity
ADDED from src\main\AndroidManifest.xml:52:9-61:20
	android:screenOrientation
		ADDED from src\main\AndroidManifest.xml:56:13-50
	android:hardwareAccelerated
		ADDED from src\main\AndroidManifest.xml:55:13-47
	android:configChanges
		ADDED from src\main\AndroidManifest.xml:54:13-59
	android:theme
		ADDED from src\main\AndroidManifest.xml:57:13-71
	android:name
		ADDED from src\main\AndroidManifest.xml:53:13-42
intent-filter#android.intent.action.SECSION_VIDEO
ADDED from src\main\AndroidManifest.xml:58:13-60:29
action#android.intent.action.SECSION_VIDEO
ADDED from src\main\AndroidManifest.xml:59:17-77
	android:name
		ADDED from src\main\AndroidManifest.xml:59:25-75
activity#com.frameclient.activitys.ChangePasswordActivity
ADDED from src\main\AndroidManifest.xml:62:9-66:73
	android:screenOrientation
		ADDED from src\main\AndroidManifest.xml:65:13-49
	android:hardwareAccelerated
		ADDED from src\main\AndroidManifest.xml:64:13-47
	android:theme
		ADDED from src\main\AndroidManifest.xml:66:13-71
	android:name
		ADDED from src\main\AndroidManifest.xml:63:13-51
activity#com.frameclient.activitys.WebConfigActivity
ADDED from src\main\AndroidManifest.xml:67:9-71:73
	android:screenOrientation
		ADDED from src\main\AndroidManifest.xml:70:13-49
	android:hardwareAccelerated
		ADDED from src\main\AndroidManifest.xml:69:13-47
	android:theme
		ADDED from src\main\AndroidManifest.xml:71:13-71
	android:name
		ADDED from src\main\AndroidManifest.xml:68:13-46
activity#com.frameclient.activitys.WebActivity
ADDED from src\main\AndroidManifest.xml:72:9-76:73
	android:screenOrientation
		ADDED from src\main\AndroidManifest.xml:75:13-49
	android:hardwareAccelerated
		ADDED from src\main\AndroidManifest.xml:74:13-47
	android:theme
		ADDED from src\main\AndroidManifest.xml:76:13-71
	android:name
		ADDED from src\main\AndroidManifest.xml:73:13-40
activity#com.frameclient.activitys.AboutActivity
ADDED from src\main\AndroidManifest.xml:77:9-81:73
	android:screenOrientation
		ADDED from src\main\AndroidManifest.xml:80:13-49
	android:hardwareAccelerated
		ADDED from src\main\AndroidManifest.xml:79:13-47
	android:theme
		ADDED from src\main\AndroidManifest.xml:81:13-71
	android:name
		ADDED from src\main\AndroidManifest.xml:78:13-42
service#com.frameclient.services.NetWorkService
ADDED from src\main\AndroidManifest.xml:83:9-91:19
	android:enabled
		ADDED from src\main\AndroidManifest.xml:85:13-35
	android:name
		ADDED from src\main\AndroidManifest.xml:84:13-67
intent-filter#android.intent.category.default+com.frameclient.services.networkservice
ADDED from src\main\AndroidManifest.xml:86:13-90:29
action#com.frameclient.services.networkservice
ADDED from src\main\AndroidManifest.xml:87:17-81
	android:name
		ADDED from src\main\AndroidManifest.xml:87:25-79
category#android.intent.category.default
ADDED from src\main\AndroidManifest.xml:89:17-75
	android:name
		ADDED from src\main\AndroidManifest.xml:89:27-73
service#com.frameclient.services.VideoService
ADDED from src\main\AndroidManifest.xml:92:9-100:19
	android:enabled
		ADDED from src\main\AndroidManifest.xml:94:13-35
	android:name
		ADDED from src\main\AndroidManifest.xml:93:13-65
intent-filter#android.intent.category.default+com.frameclient.services.VideoService
ADDED from src\main\AndroidManifest.xml:95:13-99:29
action#com.frameclient.services.VideoService
ADDED from src\main\AndroidManifest.xml:96:17-79
	android:name
		ADDED from src\main\AndroidManifest.xml:96:25-77
activity#com.frameclient.activitys.SplashActivity
ADDED from src\main\AndroidManifest.xml:102:9-106:56
	android:screenOrientation
		ADDED from src\main\AndroidManifest.xml:104:13-50
	android:windowSoftInputMode
		ADDED from src\main\AndroidManifest.xml:106:13-54
	android:theme
		ADDED from src\main\AndroidManifest.xml:105:13-71
	android:name
		ADDED from src\main\AndroidManifest.xml:103:13-43
activity#com.frameclient.activitys.MainActivity
ADDED from src\main\AndroidManifest.xml:107:9-119:20
	android:screenOrientation
		ADDED from src\main\AndroidManifest.xml:112:13-50
	android:hardwareAccelerated
		ADDED from src\main\AndroidManifest.xml:110:13-47
	android:keepScreenOn
		ADDED from src\main\AndroidManifest.xml:111:13-40
	android:configChanges
		ADDED from src\main\AndroidManifest.xml:109:13-59
	android:theme
		ADDED from src\main\AndroidManifest.xml:113:13-71
	android:name
		ADDED from src\main\AndroidManifest.xml:108:13-41
intent-filter#android.intent.action.MAIN+android.intent.category.LAUNCHER
ADDED from src\main\AndroidManifest.xml:114:13-118:29
action#android.intent.action.MAIN
ADDED from src\main\AndroidManifest.xml:115:17-68
	android:name
		ADDED from src\main\AndroidManifest.xml:115:25-66
category#android.intent.category.LAUNCHER
ADDED from src\main\AndroidManifest.xml:117:17-76
	android:name
		ADDED from src\main\AndroidManifest.xml:117:27-74
activity#com.frameclient.activitys.TestActivity
ADDED from src\main\AndroidManifest.xml:120:9-49
	android:name
		ADDED from src\main\AndroidManifest.xml:120:19-47
activity#com.frameclient.activitys.NewsListActivity
ADDED from src\main\AndroidManifest.xml:121:9-126:83
	android:screenOrientation
		ADDED from src\main\AndroidManifest.xml:125:13-50
	android:hardwareAccelerated
		ADDED from src\main\AndroidManifest.xml:124:13-47
	android:configChanges
		ADDED from src\main\AndroidManifest.xml:123:13-59
	android:theme
		ADDED from src\main\AndroidManifest.xml:126:13-71
	android:name
		ADDED from src\main\AndroidManifest.xml:122:13-45
activity#com.frameclient.activitys.NewsWebActivity
ADDED from src\main\AndroidManifest.xml:128:9-132:83
	android:screenOrientation
		ADDED from src\main\AndroidManifest.xml:131:13-50
	android:hardwareAccelerated
		ADDED from src\main\AndroidManifest.xml:130:13-47
	android:theme
		ADDED from src\main\AndroidManifest.xml:132:13-71
	android:name
		ADDED from src\main\AndroidManifest.xml:129:13-44
activity#com.frameclient.activitys.IPActivity
ADDED from src\main\AndroidManifest.xml:133:9-137:83
	android:screenOrientation
		ADDED from src\main\AndroidManifest.xml:136:13-50
	android:hardwareAccelerated
		ADDED from src\main\AndroidManifest.xml:135:13-47
	android:theme
		ADDED from src\main\AndroidManifest.xml:137:13-71
	android:name
		ADDED from src\main\AndroidManifest.xml:134:13-39